TN:
SF:/Users/lzz/github/pandora/locker/src/index.js
FN:17,indexOfArray
FN:36,(anonymous_2)
FN:48,(anonymous_3)
FN:66,(anonymous_4)
FN:83,(anonymous_5)
FN:95,(anonymous_6)
FN:105,(anonymous_7)
FN:114,(anonymous_8)
FN:123,(anonymous_9)
FNF:9
FNH:9
FNDA:13,indexOfArray
FNDA:5,(anonymous_2)
FNDA:9,(anonymous_3)
FNDA:10,(anonymous_4)
FNDA:3,(anonymous_5)
FNDA:6,(anonymous_6)
FNDA:7,(anonymous_7)
FNDA:1,(anonymous_8)
FNDA:3,(anonymous_9)
DA:9,1
DA:17,1
DA:18,13
DA:20,13
DA:21,13
DA:23,0
DA:24,0
DA:25,0
DA:28,0
DA:36,1
DA:37,5
DA:40,1
DA:49,9
DA:50,9
DA:51,9
DA:52,6
DA:54,3
DA:56,0
DA:67,10
DA:69,10
DA:70,9
DA:71,0
DA:73,9
DA:84,3
DA:85,3
DA:87,3
DA:96,6
DA:97,6
DA:106,7
DA:115,1
DA:124,3
DA:128,1
LF:32
LH:26
BRDA:20,1,0,13
BRDA:20,1,1,0
BRDA:24,2,0,0
BRDA:24,2,1,0
BRDA:49,3,0,9
BRDA:49,3,1,0
BRDA:51,4,0,6
BRDA:51,4,1,3
BRDA:69,5,0,9
BRDA:69,5,1,1
BRDA:70,6,0,0
BRDA:70,6,1,9
BRDA:84,7,0,3
BRDA:84,7,1,0
BRF:14
BRH:8
end_of_record
